# JRE version: Java(TM) SE Runtime Environment (13.0+33) (build 13+33)
# Java VM: Java HotSpot(TM) 64-Bit Server VM (13+33, mixed mode, sharing, tiered, compressed oops, g1 gc, windows-amd64)
Heap:
 garbage-first heap   total 262144K, used 145955K [0x0000000700c00000, 0x0000000800000000)
  region size 1024K, 140 young (143360K), 1 survivors (1024K)
 Metaspace       used 7220K, capacity 10079K, committed 10240K, reserved 1058816K
  class space    used 387K, capacity 705K, committed 768K, reserved 1048576K
GC Heap History (20 events):
Event: 10.481 GC heap before
{Heap before GC invocations=76 (full 0):
 garbage-first heap   total 262144K, used 160278K [0x0000000700c00000, 0x0000000800000000)
  region size 1024K, 153 young (156672K), 1 survivors (1024K)
 Metaspace       used 7217K, capacity 10078K, committed 10240K, reserved 1058816K
  class space    used 387K, capacity 705K, committed 768K, reserved 1048576K
}
Event: 10.481 GC heap after
{Heap after GC invocations=77 (full 0):
 garbage-first heap   total 262144K, used 4636K [0x0000000700c00000, 0x0000000800000000)
  region size 1024K, 1 young (1024K), 1 survivors (1024K)
 Metaspace       used 7217K, capacity 10078K, committed 10240K, reserved 1058816K
  class space    used 387K, capacity 705K, committed 768K, reserved 1048576K
}
Event: 10.612 GC heap before
{Heap before GC invocations=77 (full 0):
 garbage-first heap   total 262144K, used 160284K [0x0000000700c00000, 0x0000000800000000)
  region size 1024K, 153 young (156672K), 1 survivors (1024K)
 Metaspace       used 7217K, capacity 10078K, committed 10240K, reserved 1058816K
  class space    used 387K, capacity 705K, committed 768K, reserved 1048576K
}
Event: 10.612 GC heap after
{Heap after GC invocations=78 (full 0):
 garbage-first heap   total 262144K, used 4634K [0x0000000700c00000, 0x0000000800000000)
  region size 1024K, 1 young (1024K), 1 survivors (1024K)
 Metaspace       used 7217K, capacity 10078K, committed 10240K, reserved 1058816K
  class space    used 387K, capacity 705K, committed 768K, reserved 1048576K
}
Event: 10.739 GC heap before
{Heap before GC invocations=78 (full 0):
 garbage-first heap   total 262144K, used 160282K [0x0000000700c00000, 0x0000000800000000)
  region size 1024K, 153 young (156672K), 1 survivors (1024K)
 Metaspace       used 7217K, capacity 10078K, committed 10240K, reserved 1058816K
  class space    used 387K, capacity 705K, committed 768K, reserved 1048576K
}
Event: 10.740 GC heap after
{Heap after GC invocations=79 (full 0):
 garbage-first heap   total 262144K, used 4636K [0x0000000700c00000, 0x0000000800000000)
  region size 1024K, 1 young (1024K), 1 survivors (1024K)
 Metaspace       used 7217K, capacity 10078K, committed 10240K, reserved 1058816K
  class space    used 387K, capacity 705K, committed 768K, reserved 1048576K
}
Event: 10.866 GC heap before
{Heap before GC invocations=79 (full 0):
 garbage-first heap   total 262144K, used 160284K [0x0000000700c00000, 0x0000000800000000)
  region size 1024K, 153 young (156672K), 1 survivors (1024K)
 Metaspace       used 7217K, capacity 10078K, committed 10240K, reserved 1058816K
  class space    used 387K, capacity 705K, committed 768K, reserved 1048576K
}
Event: 10.867 GC heap after
{Heap after GC invocations=80 (full 0):
 garbage-first heap   total 262144K, used 4635K [0x0000000700c00000, 0x0000000800000000)
  region size 1024K, 1 young (1024K), 1 survivors (1024K)
 Metaspace       used 7217K, capacity 10078K, committed 10240K, reserved 1058816K
  class space    used 387K, capacity 705K, committed 768K, reserved 1048576K
}
Event: 10.990 GC heap before
{Heap before GC invocations=80 (full 0):
 garbage-first heap   total 262144K, used 160283K [0x0000000700c00000, 0x0000000800000000)
  region size 1024K, 153 young (156672K), 1 survivors (1024K)
 Metaspace       used 7217K, capacity 10078K, committed 10240K, reserved 1058816K
  class space    used 387K, capacity 705K, committed 768K, reserved 1048576K
}
Event: 10.990 GC heap after
{Heap after GC invocations=81 (full 0):
 garbage-first heap   total 262144K, used 4639K [0x0000000700c00000, 0x0000000800000000)
  region size 1024K, 1 young (1024K), 1 survivors (1024K)
 Metaspace       used 7217K, capacity 10078K, committed 10240K, reserved 1058816K
  class space    used 387K, capacity 705K, committed 768K, reserved 1048576K
}
Event: 11.124 GC heap before
{Heap before GC invocations=81 (full 0):
 garbage-first heap   total 262144K, used 160287K [0x0000000700c00000, 0x0000000800000000)
  region size 1024K, 153 young (156672K), 1 survivors (1024K)
 Metaspace       used 7219K, capacity 10079K, committed 10240K, reserved 1058816K
  class space    used 387K, capacity 705K, committed 768K, reserved 1048576K
}
Event: 11.124 GC heap after
{Heap after GC invocations=82 (full 0):
 garbage-first heap   total 262144K, used 4636K [0x0000000700c00000, 0x0000000800000000)
  region size 1024K, 1 young (1024K), 1 survivors (1024K)
 Metaspace       used 7219K, capacity 10079K, committed 10240K, reserved 1058816K
  class space    used 387K, capacity 705K, committed 768K, reserved 1048576K
}
Event: 11.254 GC heap before
{Heap before GC invocations=82 (full 0):
 garbage-first heap   total 262144K, used 160284K [0x0000000700c00000, 0x0000000800000000)
  region size 1024K, 153 young (156672K), 1 survivors (1024K)
 Metaspace       used 7220K, capacity 10079K, committed 10240K, reserved 1058816K
  class space    used 387K, capacity 705K, committed 768K, reserved 1048576K
}
Event: 11.254 GC heap after
{Heap after GC invocations=83 (full 0):
 garbage-first heap   total 262144K, used 4641K [0x0000000700c00000, 0x0000000800000000)
  region size 1024K, 1 young (1024K), 1 survivors (1024K)
 Metaspace       used 7220K, capacity 10079K, committed 10240K, reserved 1058816K
  class space    used 387K, capacity 705K, committed 768K, reserved 1048576K
}
Event: 11.382 GC heap before
{Heap before GC invocations=83 (full 0):
 garbage-first heap   total 262144K, used 160289K [0x0000000700c00000, 0x0000000800000000)
  region size 1024K, 153 young (156672K), 1 survivors (1024K)
 Metaspace       used 7220K, capacity 10079K, committed 10240K, reserved 1058816K
  class space    used 387K, capacity 705K, committed 768K, reserved 1048576K
}
Event: 11.383 GC heap after
{Heap after GC invocations=84 (full 0):
 garbage-first heap   total 262144K, used 4641K [0x0000000700c00000, 0x0000000800000000)
  region size 1024K, 1 young (1024K), 1 survivors (1024K)
 Metaspace       used 7220K, capacity 10079K, committed 10240K, reserved 1058816K
  class space    used 387K, capacity 705K, committed 768K, reserved 1048576K
}
Event: 11.507 GC heap before
{Heap before GC invocations=84 (full 0):
 garbage-first heap   total 262144K, used 160289K [0x0000000700c00000, 0x0000000800000000)
  region size 1024K, 153 young (156672K), 1 survivors (1024K)
 Metaspace       used 7220K, capacity 10079K, committed 10240K, reserved 1058816K
  class space    used 387K, capacity 705K, committed 768K, reserved 1048576K
}
Event: 11.507 GC heap after
{Heap after GC invocations=85 (full 0):
 garbage-first heap   total 262144K, used 4643K [0x0000000700c00000, 0x0000000800000000)
  region size 1024K, 1 young (1024K), 1 survivors (1024K)
 Metaspace       used 7220K, capacity 10079K, committed 10240K, reserved 1058816K
  class space    used 387K, capacity 705K, committed 768K, reserved 1048576K
}
Event: 11.631 GC heap before
{Heap before GC invocations=85 (full 0):
 garbage-first heap   total 262144K, used 160291K [0x0000000700c00000, 0x0000000800000000)
  region size 1024K, 153 young (156672K), 1 survivors (1024K)
 Metaspace       used 7220K, capacity 10079K, committed 10240K, reserved 1058816K
  class space    used 387K, capacity 705K, committed 768K, reserved 1048576K
}
Event: 11.631 GC heap after
{Heap after GC invocations=86 (full 0):
 garbage-first heap   total 262144K, used 4643K [0x0000000700c00000, 0x0000000800000000)
  region size 1024K, 1 young (1024K), 1 survivors (1024K)
 Metaspace       used 7220K, capacity 10079K, committed 10240K, reserved 1058816K
  class space    used 387K, capacity 705K, committed 768K, reserved 1048576K
}

