# JRE version: Java(TM) SE Runtime Environment (13.0+33) (build 13+33)
# Java VM: Java HotSpot(TM) 64-Bit Server VM (13+33, mixed mode, sharing, tiered, compressed oops, g1 gc, windows-amd64)
Heap:
 garbage-first heap   total 262144K, used 155945K [0x0000000700c00000, 0x0000000800000000)
  region size 1024K, 150 young (153600K), 1 survivors (1024K)
 Metaspace       used 4615K, capacity 7426K, committed 7680K, reserved 1056768K
  class space    used 375K, capacity 703K, committed 768K, reserved 1048576K
GC Heap History (20 events):
Event: 10.100 GC heap before
{Heap before GC invocations=77 (full 0):
 garbage-first heap   total 262144K, used 160015K [0x0000000700c00000, 0x0000000800000000)
  region size 1024K, 153 young (156672K), 1 survivors (1024K)
 Metaspace       used 4591K, capacity 7426K, committed 7680K, reserved 1056768K
  class space    used 375K, capacity 703K, committed 768K, reserved 1048576K
}
Event: 10.100 GC heap after
{Heap after GC invocations=78 (full 0):
 garbage-first heap   total 262144K, used 4365K [0x0000000700c00000, 0x0000000800000000)
  region size 1024K, 1 young (1024K), 1 survivors (1024K)
 Metaspace       used 4591K, capacity 7426K, committed 7680K, reserved 1056768K
  class space    used 375K, capacity 703K, committed 768K, reserved 1048576K
}
Event: 10.216 GC heap before
{Heap before GC invocations=78 (full 0):
 garbage-first heap   total 262144K, used 160013K [0x0000000700c00000, 0x0000000800000000)
  region size 1024K, 153 young (156672K), 1 survivors (1024K)
 Metaspace       used 4591K, capacity 7426K, committed 7680K, reserved 1056768K
  class space    used 375K, capacity 703K, committed 768K, reserved 1048576K
}
Event: 10.217 GC heap after
{Heap after GC invocations=79 (full 0):
 garbage-first heap   total 262144K, used 4377K [0x0000000700c00000, 0x0000000800000000)
  region size 1024K, 1 young (1024K), 1 survivors (1024K)
 Metaspace       used 4591K, capacity 7426K, committed 7680K, reserved 1056768K
  class space    used 375K, capacity 703K, committed 768K, reserved 1048576K
}
Event: 10.353 GC heap before
{Heap before GC invocations=79 (full 0):
 garbage-first heap   total 262144K, used 160025K [0x0000000700c00000, 0x0000000800000000)
  region size 1024K, 153 young (156672K), 1 survivors (1024K)
 Metaspace       used 4609K, capacity 7426K, committed 7680K, reserved 1056768K
  class space    used 375K, capacity 703K, committed 768K, reserved 1048576K
}
Event: 10.354 GC heap after
{Heap after GC invocations=80 (full 0):
 garbage-first heap   total 262144K, used 4417K [0x0000000700c00000, 0x0000000800000000)
  region size 1024K, 1 young (1024K), 1 survivors (1024K)
 Metaspace       used 4609K, capacity 7426K, committed 7680K, reserved 1056768K
  class space    used 375K, capacity 703K, committed 768K, reserved 1048576K
}
Event: 10.476 GC heap before
{Heap before GC invocations=80 (full 0):
 garbage-first heap   total 262144K, used 160065K [0x0000000700c00000, 0x0000000800000000)
  region size 1024K, 153 young (156672K), 1 survivors (1024K)
 Metaspace       used 4614K, capacity 7426K, committed 7680K, reserved 1056768K
  class space    used 375K, capacity 703K, committed 768K, reserved 1048576K
}
Event: 10.476 GC heap after
{Heap after GC invocations=81 (full 0):
 garbage-first heap   total 262144K, used 4379K [0x0000000700c00000, 0x0000000800000000)
  region size 1024K, 1 young (1024K), 1 survivors (1024K)
 Metaspace       used 4614K, capacity 7426K, committed 7680K, reserved 1056768K
  class space    used 375K, capacity 703K, committed 768K, reserved 1048576K
}
Event: 10.588 GC heap before
{Heap before GC invocations=81 (full 0):
 garbage-first heap   total 262144K, used 160027K [0x0000000700c00000, 0x0000000800000000)
  region size 1024K, 153 young (156672K), 1 survivors (1024K)
 Metaspace       used 4614K, capacity 7426K, committed 7680K, reserved 1056768K
  class space    used 375K, capacity 703K, committed 768K, reserved 1048576K
}
Event: 10.588 GC heap after
{Heap after GC invocations=82 (full 0):
 garbage-first heap   total 262144K, used 4380K [0x0000000700c00000, 0x0000000800000000)
  region size 1024K, 1 young (1024K), 1 survivors (1024K)
 Metaspace       used 4614K, capacity 7426K, committed 7680K, reserved 1056768K
  class space    used 375K, capacity 703K, committed 768K, reserved 1048576K
}
Event: 10.699 GC heap before
{Heap before GC invocations=82 (full 0):
 garbage-first heap   total 262144K, used 160028K [0x0000000700c00000, 0x0000000800000000)
  region size 1024K, 153 young (156672K), 1 survivors (1024K)
 Metaspace       used 4614K, capacity 7426K, committed 7680K, reserved 1056768K
  class space    used 375K, capacity 703K, committed 768K, reserved 1048576K
}
Event: 10.699 GC heap after
{Heap after GC invocations=83 (full 0):
 garbage-first heap   total 262144K, used 4383K [0x0000000700c00000, 0x0000000800000000)
  region size 1024K, 1 young (1024K), 1 survivors (1024K)
 Metaspace       used 4614K, capacity 7426K, committed 7680K, reserved 1056768K
  class space    used 375K, capacity 703K, committed 768K, reserved 1048576K
}
Event: 10.818 GC heap before
{Heap before GC invocations=83 (full 0):
 garbage-first heap   total 262144K, used 160031K [0x0000000700c00000, 0x0000000800000000)
  region size 1024K, 153 young (156672K), 1 survivors (1024K)
 Metaspace       used 4614K, capacity 7426K, committed 7680K, reserved 1056768K
  class space    used 375K, capacity 703K, committed 768K, reserved 1048576K
}
Event: 10.819 GC heap after
{Heap after GC invocations=84 (full 0):
 garbage-first heap   total 262144K, used 4390K [0x0000000700c00000, 0x0000000800000000)
  region size 1024K, 1 young (1024K), 1 survivors (1024K)
 Metaspace       used 4614K, capacity 7426K, committed 7680K, reserved 1056768K
  class space    used 375K, capacity 703K, committed 768K, reserved 1048576K
}
Event: 10.940 GC heap before
{Heap before GC invocations=84 (full 0):
 garbage-first heap   total 262144K, used 160038K [0x0000000700c00000, 0x0000000800000000)
  region size 1024K, 153 young (156672K), 1 survivors (1024K)
 Metaspace       used 4614K, capacity 7426K, committed 7680K, reserved 1056768K
  class space    used 375K, capacity 703K, committed 768K, reserved 1048576K
}
Event: 10.940 GC heap after
{Heap after GC invocations=85 (full 0):
 garbage-first heap   total 262144K, used 4389K [0x0000000700c00000, 0x0000000800000000)
  region size 1024K, 1 young (1024K), 1 survivors (1024K)
 Metaspace       used 4614K, capacity 7426K, committed 7680K, reserved 1056768K
  class space    used 375K, capacity 703K, committed 768K, reserved 1048576K
}
Event: 11.052 GC heap before
{Heap before GC invocations=85 (full 0):
 garbage-first heap   total 262144K, used 160037K [0x0000000700c00000, 0x0000000800000000)
  region size 1024K, 153 young (156672K), 1 survivors (1024K)
 Metaspace       used 4614K, capacity 7426K, committed 7680K, reserved 1056768K
  class space    used 375K, capacity 703K, committed 768K, reserved 1048576K
}
Event: 11.052 GC heap after
{Heap after GC invocations=86 (full 0):
 garbage-first heap   total 262144K, used 4390K [0x0000000700c00000, 0x0000000800000000)
  region size 1024K, 1 young (1024K), 1 survivors (1024K)
 Metaspace       used 4614K, capacity 7426K, committed 7680K, reserved 1056768K
  class space    used 375K, capacity 703K, committed 768K, reserved 1048576K
}
Event: 11.163 GC heap before
{Heap before GC invocations=86 (full 0):
 garbage-first heap   total 262144K, used 160038K [0x0000000700c00000, 0x0000000800000000)
  region size 1024K, 153 young (156672K), 1 survivors (1024K)
 Metaspace       used 4614K, capacity 7426K, committed 7680K, reserved 1056768K
  class space    used 375K, capacity 703K, committed 768K, reserved 1048576K
}
Event: 11.164 GC heap after
{Heap after GC invocations=87 (full 0):
 garbage-first heap   total 262144K, used 4393K [0x0000000700c00000, 0x0000000800000000)
  region size 1024K, 1 young (1024K), 1 survivors (1024K)
 Metaspace       used 4614K, capacity 7426K, committed 7680K, reserved 1056768K
  class space    used 375K, capacity 703K, committed 768K, reserved 1048576K
}

