# JRE version: Java(TM) SE Runtime Environment (13.0+33) (build 13+33)
# Java VM: Java HotSpot(TM) 64-Bit Server VM (13+33, mixed mode, sharing, tiered, compressed oops, g1 gc, windows-amd64)
Heap:
 garbage-first heap   total 262144K, used 91758K [0x0000000700c00000, 0x0000000800000000)
  region size 1024K, 87 young (89088K), 1 survivors (1024K)
 Metaspace       used 7230K, capacity 10079K, committed 10240K, reserved 1058816K
  class space    used 389K, capacity 705K, committed 768K, reserved 1048576K
GC Heap History (20 events):
Event: 10.570 GC heap before
{Heap before GC invocations=77 (full 0):
 garbage-first heap   total 262144K, used 160352K [0x0000000700c00000, 0x0000000800000000)
  region size 1024K, 153 young (156672K), 1 survivors (1024K)
 Metaspace       used 7227K, capacity 10078K, committed 10240K, reserved 1058816K
  class space    used 389K, capacity 705K, committed 768K, reserved 1048576K
}
Event: 10.570 GC heap after
{Heap after GC invocations=78 (full 0):
 garbage-first heap   total 262144K, used 4708K [0x0000000700c00000, 0x0000000800000000)
  region size 1024K, 1 young (1024K), 1 survivors (1024K)
 Metaspace       used 7227K, capacity 10078K, committed 10240K, reserved 1058816K
  class space    used 389K, capacity 705K, committed 768K, reserved 1048576K
}
Event: 10.695 GC heap before
{Heap before GC invocations=78 (full 0):
 garbage-first heap   total 262144K, used 160356K [0x0000000700c00000, 0x0000000800000000)
  region size 1024K, 153 young (156672K), 1 survivors (1024K)
 Metaspace       used 7227K, capacity 10078K, committed 10240K, reserved 1058816K
  class space    used 389K, capacity 705K, committed 768K, reserved 1048576K
}
Event: 10.696 GC heap after
{Heap after GC invocations=79 (full 0):
 garbage-first heap   total 262144K, used 4713K [0x0000000700c00000, 0x0000000800000000)
  region size 1024K, 1 young (1024K), 1 survivors (1024K)
 Metaspace       used 7227K, capacity 10078K, committed 10240K, reserved 1058816K
  class space    used 389K, capacity 705K, committed 768K, reserved 1048576K
}
Event: 10.817 GC heap before
{Heap before GC invocations=79 (full 0):
 garbage-first heap   total 262144K, used 160361K [0x0000000700c00000, 0x0000000800000000)
  region size 1024K, 153 young (156672K), 1 survivors (1024K)
 Metaspace       used 7227K, capacity 10078K, committed 10240K, reserved 1058816K
  class space    used 389K, capacity 705K, committed 768K, reserved 1048576K
}
Event: 10.818 GC heap after
{Heap after GC invocations=80 (full 0):
 garbage-first heap   total 262144K, used 4710K [0x0000000700c00000, 0x0000000800000000)
  region size 1024K, 1 young (1024K), 1 survivors (1024K)
 Metaspace       used 7227K, capacity 10078K, committed 10240K, reserved 1058816K
  class space    used 389K, capacity 705K, committed 768K, reserved 1048576K
}
Event: 10.940 GC heap before
{Heap before GC invocations=80 (full 0):
 garbage-first heap   total 262144K, used 160358K [0x0000000700c00000, 0x0000000800000000)
  region size 1024K, 153 young (156672K), 1 survivors (1024K)
 Metaspace       used 7227K, capacity 10078K, committed 10240K, reserved 1058816K
  class space    used 389K, capacity 705K, committed 768K, reserved 1048576K
}
Event: 10.940 GC heap after
{Heap after GC invocations=81 (full 0):
 garbage-first heap   total 262144K, used 4712K [0x0000000700c00000, 0x0000000800000000)
  region size 1024K, 1 young (1024K), 1 survivors (1024K)
 Metaspace       used 7227K, capacity 10078K, committed 10240K, reserved 1058816K
  class space    used 389K, capacity 705K, committed 768K, reserved 1048576K
}
Event: 11.067 GC heap before
{Heap before GC invocations=81 (full 0):
 garbage-first heap   total 262144K, used 160360K [0x0000000700c00000, 0x0000000800000000)
  region size 1024K, 153 young (156672K), 1 survivors (1024K)
 Metaspace       used 7227K, capacity 10078K, committed 10240K, reserved 1058816K
  class space    used 389K, capacity 705K, committed 768K, reserved 1048576K
}
Event: 11.067 GC heap after
{Heap after GC invocations=82 (full 0):
 garbage-first heap   total 262144K, used 4712K [0x0000000700c00000, 0x0000000800000000)
  region size 1024K, 1 young (1024K), 1 survivors (1024K)
 Metaspace       used 7227K, capacity 10078K, committed 10240K, reserved 1058816K
  class space    used 389K, capacity 705K, committed 768K, reserved 1048576K
}
Event: 11.198 GC heap before
{Heap before GC invocations=82 (full 0):
 garbage-first heap   total 262144K, used 160360K [0x0000000700c00000, 0x0000000800000000)
  region size 1024K, 153 young (156672K), 1 survivors (1024K)
 Metaspace       used 7230K, capacity 10079K, committed 10240K, reserved 1058816K
  class space    used 389K, capacity 705K, committed 768K, reserved 1048576K
}
Event: 11.198 GC heap after
{Heap after GC invocations=83 (full 0):
 garbage-first heap   total 262144K, used 4715K [0x0000000700c00000, 0x0000000800000000)
  region size 1024K, 1 young (1024K), 1 survivors (1024K)
 Metaspace       used 7230K, capacity 10079K, committed 10240K, reserved 1058816K
  class space    used 389K, capacity 705K, committed 768K, reserved 1048576K
}
Event: 11.325 GC heap before
{Heap before GC invocations=83 (full 0):
 garbage-first heap   total 262144K, used 160363K [0x0000000700c00000, 0x0000000800000000)
  region size 1024K, 153 young (156672K), 1 survivors (1024K)
 Metaspace       used 7230K, capacity 10079K, committed 10240K, reserved 1058816K
  class space    used 389K, capacity 705K, committed 768K, reserved 1048576K
}
Event: 11.325 GC heap after
{Heap after GC invocations=84 (full 0):
 garbage-first heap   total 262144K, used 4717K [0x0000000700c00000, 0x0000000800000000)
  region size 1024K, 1 young (1024K), 1 survivors (1024K)
 Metaspace       used 7230K, capacity 10079K, committed 10240K, reserved 1058816K
  class space    used 389K, capacity 705K, committed 768K, reserved 1048576K
}
Event: 11.450 GC heap before
{Heap before GC invocations=84 (full 0):
 garbage-first heap   total 262144K, used 160365K [0x0000000700c00000, 0x0000000800000000)
  region size 1024K, 153 young (156672K), 1 survivors (1024K)
 Metaspace       used 7230K, capacity 10079K, committed 10240K, reserved 1058816K
  class space    used 389K, capacity 705K, committed 768K, reserved 1048576K
}
Event: 11.450 GC heap after
{Heap after GC invocations=85 (full 0):
 garbage-first heap   total 262144K, used 4720K [0x0000000700c00000, 0x0000000800000000)
  region size 1024K, 1 young (1024K), 1 survivors (1024K)
 Metaspace       used 7230K, capacity 10079K, committed 10240K, reserved 1058816K
  class space    used 389K, capacity 705K, committed 768K, reserved 1048576K
}
Event: 11.571 GC heap before
{Heap before GC invocations=85 (full 0):
 garbage-first heap   total 262144K, used 160368K [0x0000000700c00000, 0x0000000800000000)
  region size 1024K, 153 young (156672K), 1 survivors (1024K)
 Metaspace       used 7230K, capacity 10079K, committed 10240K, reserved 1058816K
  class space    used 389K, capacity 705K, committed 768K, reserved 1048576K
}
Event: 11.572 GC heap after
{Heap after GC invocations=86 (full 0):
 garbage-first heap   total 262144K, used 4720K [0x0000000700c00000, 0x0000000800000000)
  region size 1024K, 1 young (1024K), 1 survivors (1024K)
 Metaspace       used 7230K, capacity 10079K, committed 10240K, reserved 1058816K
  class space    used 389K, capacity 705K, committed 768K, reserved 1048576K
}
Event: 11.697 GC heap before
{Heap before GC invocations=86 (full 0):
 garbage-first heap   total 262144K, used 160368K [0x0000000700c00000, 0x0000000800000000)
  region size 1024K, 153 young (156672K), 1 survivors (1024K)
 Metaspace       used 7230K, capacity 10079K, committed 10240K, reserved 1058816K
  class space    used 389K, capacity 705K, committed 768K, reserved 1048576K
}
Event: 11.697 GC heap after
{Heap after GC invocations=87 (full 0):
 garbage-first heap   total 262144K, used 4718K [0x0000000700c00000, 0x0000000800000000)
  region size 1024K, 1 young (1024K), 1 survivors (1024K)
 Metaspace       used 7230K, capacity 10079K, committed 10240K, reserved 1058816K
  class space    used 389K, capacity 705K, committed 768K, reserved 1048576K
}

