# JRE version: Java(TM) SE Runtime Environment (8.0_231-b11) (build 1.8.0_231-b11)
# Java VM: Java HotSpot(TM) 64-Bit Server VM (25.231-b11 mixed mode windows-amd64 compressed oops)
Heap:
 PSYoungGen      total 31744K, used 2098K [0x000000076af00000, 0x000000076db80000, 0x00000007c0000000)
  eden space 31232K, 6% used [0x000000076af00000,0x000000076b0d4800,0x000000076cd80000)
  from space 512K, 43% used [0x000000076db00000,0x000000076db38000,0x000000076db80000)
  to   space 512K, 0% used [0x000000076da80000,0x000000076da80000,0x000000076db00000)
 ParOldGen       total 175104K, used 4260K [0x00000006c0c00000, 0x00000006cb700000, 0x000000076af00000)
  object space 175104K, 2% used [0x00000006c0c00000,0x00000006c1029258,0x00000006cb700000)
 Metaspace       used 9666K, capacity 9902K, committed 9984K, reserved 1058816K
  class space    used 723K, capacity 757K, committed 768K, reserved 1048576K
GC Heap History (10 events):
Event: 8.062 GC heap before
{Heap before GC invocations=128 (full 0):
 PSYoungGen      total 31744K, used 31424K [0x000000076af00000, 0x000000076db80000, 0x00000007c0000000)
  eden space 31232K, 100% used [0x000000076af00000,0x000000076cd80000,0x000000076cd80000)
  from space 512K, 37% used [0x000000076da80000,0x000000076dab0000,0x000000076db00000)
  to   space 512K, 0% used [0x000000076db00000,0x000000076db00000,0x000000076db80000)
 ParOldGen       total 175104K, used 4204K [0x00000006c0c00000, 0x00000006cb700000, 0x000000076af00000)
  object space 175104K, 2% used [0x00000006c0c00000,0x00000006c101b258,0x00000006cb700000)
 Metaspace       used 9666K, capacity 9902K, committed 9984K, reserved 1058816K
  class space    used 723K, capacity 757K, committed 768K, reserved 1048576K
Event: 8.062 GC heap after
Heap after GC invocations=128 (full 0):
 PSYoungGen      total 31744K, used 160K [0x000000076af00000, 0x000000076db80000, 0x00000007c0000000)
  eden space 31232K, 0% used [0x000000076af00000,0x000000076af00000,0x000000076cd80000)
  from space 512K, 31% used [0x000000076db00000,0x000000076db28000,0x000000076db80000)
  to   space 512K, 0% used [0x000000076da80000,0x000000076da80000,0x000000076db00000)
 ParOldGen       total 175104K, used 4252K [0x00000006c0c00000, 0x00000006cb700000, 0x000000076af00000)
  object space 175104K, 2% used [0x00000006c0c00000,0x00000006c1027258,0x00000006cb700000)
 Metaspace       used 9666K, capacity 9902K, committed 9984K, reserved 1058816K
  class space    used 723K, capacity 757K, committed 768K, reserved 1048576K
}
Event: 8.107 GC heap before
{Heap before GC invocations=129 (full 0):
 PSYoungGen      total 31744K, used 31392K [0x000000076af00000, 0x000000076db80000, 0x00000007c0000000)
  eden space 31232K, 100% used [0x000000076af00000,0x000000076cd80000,0x000000076cd80000)
  from space 512K, 31% used [0x000000076db00000,0x000000076db28000,0x000000076db80000)
  to   space 512K, 0% used [0x000000076da80000,0x000000076da80000,0x000000076db00000)
 ParOldGen       total 175104K, used 4252K [0x00000006c0c00000, 0x00000006cb700000, 0x000000076af00000)
  object space 175104K, 2% used [0x00000006c0c00000,0x00000006c1027258,0x00000006cb700000)
 Metaspace       used 9666K, capacity 9902K, committed 9984K, reserved 1058816K
  class space    used 723K, capacity 757K, committed 768K, reserved 1048576K
Event: 8.108 GC heap after
Heap after GC invocations=129 (full 0):
 PSYoungGen      total 31744K, used 128K [0x000000076af00000, 0x000000076db80000, 0x00000007c0000000)
  eden space 31232K, 0% used [0x000000076af00000,0x000000076af00000,0x000000076cd80000)
  from space 512K, 25% used [0x000000076da80000,0x000000076daa0000,0x000000076db00000)
  to   space 512K, 0% used [0x000000076db00000,0x000000076db00000,0x000000076db80000)
 ParOldGen       total 175104K, used 4252K [0x00000006c0c00000, 0x00000006cb700000, 0x000000076af00000)
  object space 175104K, 2% used [0x00000006c0c00000,0x00000006c1027258,0x00000006cb700000)
 Metaspace       used 9666K, capacity 9902K, committed 9984K, reserved 1058816K
  class space    used 723K, capacity 757K, committed 768K, reserved 1048576K
}
Event: 8.152 GC heap before
{Heap before GC invocations=130 (full 0):
 PSYoungGen      total 31744K, used 31360K [0x000000076af00000, 0x000000076db80000, 0x00000007c0000000)
  eden space 31232K, 100% used [0x000000076af00000,0x000000076cd80000,0x000000076cd80000)
  from space 512K, 25% used [0x000000076da80000,0x000000076daa0000,0x000000076db00000)
  to   space 512K, 0% used [0x000000076db00000,0x000000076db00000,0x000000076db80000)
 ParOldGen       total 175104K, used 4252K [0x00000006c0c00000, 0x00000006cb700000, 0x000000076af00000)
  object space 175104K, 2% used [0x00000006c0c00000,0x00000006c1027258,0x00000006cb700000)
 Metaspace       used 9666K, capacity 9902K, committed 9984K, reserved 1058816K
  class space    used 723K, capacity 757K, committed 768K, reserved 1048576K
Event: 8.152 GC heap after
Heap after GC invocations=130 (full 0):
 PSYoungGen      total 31744K, used 64K [0x000000076af00000, 0x000000076db80000, 0x00000007c0000000)
  eden space 31232K, 0% used [0x000000076af00000,0x000000076af00000,0x000000076cd80000)
  from space 512K, 12% used [0x000000076db00000,0x000000076db10000,0x000000076db80000)
  to   space 512K, 0% used [0x000000076da80000,0x000000076da80000,0x000000076db00000)
 ParOldGen       total 175104K, used 4252K [0x00000006c0c00000, 0x00000006cb700000, 0x000000076af00000)
  object space 175104K, 2% used [0x00000006c0c00000,0x00000006c1027258,0x00000006cb700000)
 Metaspace       used 9666K, capacity 9902K, committed 9984K, reserved 1058816K
  class space    used 723K, capacity 757K, committed 768K, reserved 1048576K
}
Event: 8.197 GC heap before
{Heap before GC invocations=131 (full 0):
 PSYoungGen      total 31744K, used 31296K [0x000000076af00000, 0x000000076db80000, 0x00000007c0000000)
  eden space 31232K, 100% used [0x000000076af00000,0x000000076cd80000,0x000000076cd80000)
  from space 512K, 12% used [0x000000076db00000,0x000000076db10000,0x000000076db80000)
  to   space 512K, 0% used [0x000000076da80000,0x000000076da80000,0x000000076db00000)
 ParOldGen       total 175104K, used 4252K [0x00000006c0c00000, 0x00000006cb700000, 0x000000076af00000)
  object space 175104K, 2% used [0x00000006c0c00000,0x00000006c1027258,0x00000006cb700000)
 Metaspace       used 9666K, capacity 9902K, committed 9984K, reserved 1058816K
  class space    used 723K, capacity 757K, committed 768K, reserved 1048576K
Event: 8.197 GC heap after
Heap after GC invocations=131 (full 0):
 PSYoungGen      total 31744K, used 160K [0x000000076af00000, 0x000000076db80000, 0x00000007c0000000)
  eden space 31232K, 0% used [0x000000076af00000,0x000000076af00000,0x000000076cd80000)
  from space 512K, 31% used [0x000000076da80000,0x000000076daa8000,0x000000076db00000)
  to   space 512K, 0% used [0x000000076db00000,0x000000076db00000,0x000000076db80000)
 ParOldGen       total 175104K, used 4252K [0x00000006c0c00000, 0x00000006cb700000, 0x000000076af00000)
  object space 175104K, 2% used [0x00000006c0c00000,0x00000006c1027258,0x00000006cb700000)
 Metaspace       used 9666K, capacity 9902K, committed 9984K, reserved 1058816K
  class space    used 723K, capacity 757K, committed 768K, reserved 1048576K
}
Event: 8.251 GC heap before
{Heap before GC invocations=132 (full 0):
 PSYoungGen      total 31744K, used 31392K [0x000000076af00000, 0x000000076db80000, 0x00000007c0000000)
  eden space 31232K, 100% used [0x000000076af00000,0x000000076cd80000,0x000000076cd80000)
  from space 512K, 31% used [0x000000076da80000,0x000000076daa8000,0x000000076db00000)
  to   space 512K, 0% used [0x000000076db00000,0x000000076db00000,0x000000076db80000)
 ParOldGen       total 175104K, used 4252K [0x00000006c0c00000, 0x00000006cb700000, 0x000000076af00000)
  object space 175104K, 2% used [0x00000006c0c00000,0x00000006c1027258,0x00000006cb700000)
 Metaspace       used 9666K, capacity 9902K, committed 9984K, reserved 1058816K
  class space    used 723K, capacity 757K, committed 768K, reserved 1048576K
Event: 8.251 GC heap after
Heap after GC invocations=132 (full 0):
 PSYoungGen      total 31744K, used 224K [0x000000076af00000, 0x000000076db80000, 0x00000007c0000000)
  eden space 31232K, 0% used [0x000000076af00000,0x000000076af00000,0x000000076cd80000)
  from space 512K, 43% used [0x000000076db00000,0x000000076db38000,0x000000076db80000)
  to   space 512K, 0% used [0x000000076da80000,0x000000076da80000,0x000000076db00000)
 ParOldGen       total 175104K, used 4260K [0x00000006c0c00000, 0x00000006cb700000, 0x000000076af00000)
  object space 175104K, 2% used [0x00000006c0c00000,0x00000006c1029258,0x00000006cb700000)
 Metaspace       used 9666K, capacity 9902K, committed 9984K, reserved 1058816K
  class space    used 723K, capacity 757K, committed 768K, reserved 1048576K
}

