# JRE version: Java(TM) SE Runtime Environment (13.0+33) (build 13+33)
# Java VM: Java HotSpot(TM) 64-Bit Server VM (13+33, mixed mode, sharing, tiered, compressed oops, g1 gc, windows-amd64)
Heap:
 garbage-first heap   total 262144K, used 75008K [0x0000000700c00000, 0x0000000800000000)
  region size 1024K, 70 young (71680K), 1 survivors (1024K)
 Metaspace       used 9260K, capacity 11970K, committed 12160K, reserved 1060864K
  class space    used 500K, capacity 802K, committed 896K, reserved 1048576K
GC Heap History (20 events):
Event: 12.772 GC heap before
{Heap before GC invocations=98 (full 0):
 garbage-first heap   total 262144K, used 160479K [0x0000000700c00000, 0x0000000800000000)
  region size 1024K, 153 young (156672K), 1 survivors (1024K)
 Metaspace       used 7230K, capacity 10079K, committed 10240K, reserved 1058816K
  class space    used 387K, capacity 705K, committed 768K, reserved 1048576K
}
Event: 12.772 GC heap after
{Heap after GC invocations=99 (full 0):
 garbage-first heap   total 262144K, used 4831K [0x0000000700c00000, 0x0000000800000000)
  region size 1024K, 1 young (1024K), 1 survivors (1024K)
 Metaspace       used 7230K, capacity 10079K, committed 10240K, reserved 1058816K
  class space    used 387K, capacity 705K, committed 768K, reserved 1048576K
}
Event: 12.901 GC heap before
{Heap before GC invocations=99 (full 0):
 garbage-first heap   total 262144K, used 160479K [0x0000000700c00000, 0x0000000800000000)
  region size 1024K, 153 young (156672K), 1 survivors (1024K)
 Metaspace       used 7230K, capacity 10079K, committed 10240K, reserved 1058816K
  class space    used 387K, capacity 705K, committed 768K, reserved 1048576K
}
Event: 12.902 GC heap after
{Heap after GC invocations=100 (full 0):
 garbage-first heap   total 262144K, used 4833K [0x0000000700c00000, 0x0000000800000000)
  region size 1024K, 1 young (1024K), 1 survivors (1024K)
 Metaspace       used 7230K, capacity 10079K, committed 10240K, reserved 1058816K
  class space    used 387K, capacity 705K, committed 768K, reserved 1048576K
}
Event: 13.026 GC heap before
{Heap before GC invocations=100 (full 0):
 garbage-first heap   total 262144K, used 160481K [0x0000000700c00000, 0x0000000800000000)
  region size 1024K, 153 young (156672K), 1 survivors (1024K)
 Metaspace       used 7230K, capacity 10079K, committed 10240K, reserved 1058816K
  class space    used 387K, capacity 705K, committed 768K, reserved 1048576K
}
Event: 13.026 GC heap after
{Heap after GC invocations=101 (full 0):
 garbage-first heap   total 262144K, used 4833K [0x0000000700c00000, 0x0000000800000000)
  region size 1024K, 1 young (1024K), 1 survivors (1024K)
 Metaspace       used 7230K, capacity 10079K, committed 10240K, reserved 1058816K
  class space    used 387K, capacity 705K, committed 768K, reserved 1048576K
}
Event: 13.148 GC heap before
{Heap before GC invocations=101 (full 0):
 garbage-first heap   total 262144K, used 160481K [0x0000000700c00000, 0x0000000800000000)
  region size 1024K, 153 young (156672K), 1 survivors (1024K)
 Metaspace       used 7230K, capacity 10079K, committed 10240K, reserved 1058816K
  class space    used 387K, capacity 705K, committed 768K, reserved 1048576K
}
Event: 13.149 GC heap after
{Heap after GC invocations=102 (full 0):
 garbage-first heap   total 262144K, used 4833K [0x0000000700c00000, 0x0000000800000000)
  region size 1024K, 1 young (1024K), 1 survivors (1024K)
 Metaspace       used 7230K, capacity 10079K, committed 10240K, reserved 1058816K
  class space    used 387K, capacity 705K, committed 768K, reserved 1048576K
}
Event: 13.278 GC heap before
{Heap before GC invocations=102 (full 0):
 garbage-first heap   total 262144K, used 160481K [0x0000000700c00000, 0x0000000800000000)
  region size 1024K, 153 young (156672K), 1 survivors (1024K)
 Metaspace       used 7230K, capacity 10079K, committed 10240K, reserved 1058816K
  class space    used 387K, capacity 705K, committed 768K, reserved 1048576K
}
Event: 13.278 GC heap after
{Heap after GC invocations=103 (full 0):
 garbage-first heap   total 262144K, used 4842K [0x0000000700c00000, 0x0000000800000000)
  region size 1024K, 1 young (1024K), 1 survivors (1024K)
 Metaspace       used 7230K, capacity 10079K, committed 10240K, reserved 1058816K
  class space    used 387K, capacity 705K, committed 768K, reserved 1048576K
}
Event: 13.400 GC heap before
{Heap before GC invocations=103 (full 0):
 garbage-first heap   total 262144K, used 160490K [0x0000000700c00000, 0x0000000800000000)
  region size 1024K, 153 young (156672K), 1 survivors (1024K)
 Metaspace       used 7230K, capacity 10079K, committed 10240K, reserved 1058816K
  class space    used 387K, capacity 705K, committed 768K, reserved 1048576K
}
Event: 13.401 GC heap after
{Heap after GC invocations=104 (full 0):
 garbage-first heap   total 262144K, used 4840K [0x0000000700c00000, 0x0000000800000000)
  region size 1024K, 1 young (1024K), 1 survivors (1024K)
 Metaspace       used 7230K, capacity 10079K, committed 10240K, reserved 1058816K
  class space    used 387K, capacity 705K, committed 768K, reserved 1048576K
}
Event: 13.520 GC heap before
{Heap before GC invocations=104 (full 0):
 garbage-first heap   total 262144K, used 160488K [0x0000000700c00000, 0x0000000800000000)
  region size 1024K, 153 young (156672K), 1 survivors (1024K)
 Metaspace       used 7230K, capacity 10079K, committed 10240K, reserved 1058816K
  class space    used 387K, capacity 705K, committed 768K, reserved 1048576K
}
Event: 13.521 GC heap after
{Heap after GC invocations=105 (full 0):
 garbage-first heap   total 262144K, used 4842K [0x0000000700c00000, 0x0000000800000000)
  region size 1024K, 1 young (1024K), 1 survivors (1024K)
 Metaspace       used 7230K, capacity 10079K, committed 10240K, reserved 1058816K
  class space    used 387K, capacity 705K, committed 768K, reserved 1048576K
}
Event: 13.640 GC heap before
{Heap before GC invocations=105 (full 0):
 garbage-first heap   total 262144K, used 160490K [0x0000000700c00000, 0x0000000800000000)
  region size 1024K, 153 young (156672K), 1 survivors (1024K)
 Metaspace       used 7230K, capacity 10079K, committed 10240K, reserved 1058816K
  class space    used 387K, capacity 705K, committed 768K, reserved 1048576K
}
Event: 13.640 GC heap after
{Heap after GC invocations=106 (full 0):
 garbage-first heap   total 262144K, used 4842K [0x0000000700c00000, 0x0000000800000000)
  region size 1024K, 1 young (1024K), 1 survivors (1024K)
 Metaspace       used 7230K, capacity 10079K, committed 10240K, reserved 1058816K
  class space    used 387K, capacity 705K, committed 768K, reserved 1048576K
}
Event: 13.758 GC heap before
{Heap before GC invocations=106 (full 0):
 garbage-first heap   total 262144K, used 160490K [0x0000000700c00000, 0x0000000800000000)
  region size 1024K, 153 young (156672K), 1 survivors (1024K)
 Metaspace       used 7230K, capacity 10079K, committed 10240K, reserved 1058816K
  class space    used 387K, capacity 705K, committed 768K, reserved 1048576K
}
Event: 13.758 GC heap after
{Heap after GC invocations=107 (full 0):
 garbage-first heap   total 262144K, used 4842K [0x0000000700c00000, 0x0000000800000000)
  region size 1024K, 1 young (1024K), 1 survivors (1024K)
 Metaspace       used 7230K, capacity 10079K, committed 10240K, reserved 1058816K
  class space    used 387K, capacity 705K, committed 768K, reserved 1048576K
}
Event: 13.948 GC heap before
{Heap before GC invocations=107 (full 0):
 garbage-first heap   total 262144K, used 160490K [0x0000000700c00000, 0x0000000800000000)
  region size 1024K, 153 young (156672K), 1 survivors (1024K)
 Metaspace       used 8978K, capacity 11714K, committed 11776K, reserved 1060864K
  class space    used 450K, capacity 738K, committed 768K, reserved 1048576K
}
Event: 13.948 GC heap after
{Heap after GC invocations=108 (full 0):
 garbage-first heap   total 262144K, used 5376K [0x0000000700c00000, 0x0000000800000000)
  region size 1024K, 1 young (1024K), 1 survivors (1024K)
 Metaspace       used 8978K, capacity 11714K, committed 11776K, reserved 1060864K
  class space    used 450K, capacity 738K, committed 768K, reserved 1048576K
}

