# JRE version: Java(TM) SE Runtime Environment (13.0+33) (build 13+33)
# Java VM: Java HotSpot(TM) 64-Bit Server VM (13+33, mixed mode, sharing, tiered, compressed oops, g1 gc, windows-amd64)
Heap:
 garbage-first heap   total 262144K, used 73947K [0x0000000700c00000, 0x0000000800000000)
  region size 1024K, 69 young (70656K), 1 survivors (1024K)
 Metaspace       used 9290K, capacity 11970K, committed 12160K, reserved 1060864K
  class space    used 503K, capacity 802K, committed 896K, reserved 1048576K
GC Heap History (20 events):
Event: 13.041 GC heap before
{Heap before GC invocations=98 (full 0):
 garbage-first heap   total 262144K, used 160434K [0x0000000700c00000, 0x0000000800000000)
  region size 1024K, 153 young (156672K), 1 survivors (1024K)
 Metaspace       used 7230K, capacity 10079K, committed 10240K, reserved 1058816K
  class space    used 387K, capacity 705K, committed 768K, reserved 1048576K
}
Event: 13.041 GC heap after
{Heap after GC invocations=99 (full 0):
 garbage-first heap   total 262144K, used 4784K [0x0000000700c00000, 0x0000000800000000)
  region size 1024K, 1 young (1024K), 1 survivors (1024K)
 Metaspace       used 7230K, capacity 10079K, committed 10240K, reserved 1058816K
  class space    used 387K, capacity 705K, committed 768K, reserved 1048576K
}
Event: 13.170 GC heap before
{Heap before GC invocations=99 (full 0):
 garbage-first heap   total 262144K, used 160432K [0x0000000700c00000, 0x0000000800000000)
  region size 1024K, 153 young (156672K), 1 survivors (1024K)
 Metaspace       used 7230K, capacity 10079K, committed 10240K, reserved 1058816K
  class space    used 387K, capacity 705K, committed 768K, reserved 1048576K
}
Event: 13.170 GC heap after
{Heap after GC invocations=100 (full 0):
 garbage-first heap   total 262144K, used 4782K [0x0000000700c00000, 0x0000000800000000)
  region size 1024K, 1 young (1024K), 1 survivors (1024K)
 Metaspace       used 7230K, capacity 10079K, committed 10240K, reserved 1058816K
  class space    used 387K, capacity 705K, committed 768K, reserved 1048576K
}
Event: 13.310 GC heap before
{Heap before GC invocations=100 (full 0):
 garbage-first heap   total 262144K, used 160430K [0x0000000700c00000, 0x0000000800000000)
  region size 1024K, 153 young (156672K), 1 survivors (1024K)
 Metaspace       used 7230K, capacity 10079K, committed 10240K, reserved 1058816K
  class space    used 387K, capacity 705K, committed 768K, reserved 1048576K
}
Event: 13.310 GC heap after
{Heap after GC invocations=101 (full 0):
 garbage-first heap   total 262144K, used 4784K [0x0000000700c00000, 0x0000000800000000)
  region size 1024K, 1 young (1024K), 1 survivors (1024K)
 Metaspace       used 7230K, capacity 10079K, committed 10240K, reserved 1058816K
  class space    used 387K, capacity 705K, committed 768K, reserved 1048576K
}
Event: 13.475 GC heap before
{Heap before GC invocations=101 (full 0):
 garbage-first heap   total 262144K, used 160432K [0x0000000700c00000, 0x0000000800000000)
  region size 1024K, 153 young (156672K), 1 survivors (1024K)
 Metaspace       used 7230K, capacity 10079K, committed 10240K, reserved 1058816K
  class space    used 387K, capacity 705K, committed 768K, reserved 1048576K
}
Event: 13.475 GC heap after
{Heap after GC invocations=102 (full 0):
 garbage-first heap   total 262144K, used 4786K [0x0000000700c00000, 0x0000000800000000)
  region size 1024K, 1 young (1024K), 1 survivors (1024K)
 Metaspace       used 7230K, capacity 10079K, committed 10240K, reserved 1058816K
  class space    used 387K, capacity 705K, committed 768K, reserved 1048576K
}
Event: 13.614 GC heap before
{Heap before GC invocations=102 (full 0):
 garbage-first heap   total 262144K, used 160434K [0x0000000700c00000, 0x0000000800000000)
  region size 1024K, 153 young (156672K), 1 survivors (1024K)
 Metaspace       used 7230K, capacity 10079K, committed 10240K, reserved 1058816K
  class space    used 387K, capacity 705K, committed 768K, reserved 1048576K
}
Event: 13.614 GC heap after
{Heap after GC invocations=103 (full 0):
 garbage-first heap   total 262144K, used 4792K [0x0000000700c00000, 0x0000000800000000)
  region size 1024K, 1 young (1024K), 1 survivors (1024K)
 Metaspace       used 7230K, capacity 10079K, committed 10240K, reserved 1058816K
  class space    used 387K, capacity 705K, committed 768K, reserved 1048576K
}
Event: 13.748 GC heap before
{Heap before GC invocations=103 (full 0):
 garbage-first heap   total 262144K, used 160440K [0x0000000700c00000, 0x0000000800000000)
  region size 1024K, 153 young (156672K), 1 survivors (1024K)
 Metaspace       used 7230K, capacity 10079K, committed 10240K, reserved 1058816K
  class space    used 387K, capacity 705K, committed 768K, reserved 1048576K
}
Event: 13.748 GC heap after
{Heap after GC invocations=104 (full 0):
 garbage-first heap   total 262144K, used 4793K [0x0000000700c00000, 0x0000000800000000)
  region size 1024K, 1 young (1024K), 1 survivors (1024K)
 Metaspace       used 7230K, capacity 10079K, committed 10240K, reserved 1058816K
  class space    used 387K, capacity 705K, committed 768K, reserved 1048576K
}
Event: 13.891 GC heap before
{Heap before GC invocations=104 (full 0):
 garbage-first heap   total 262144K, used 160441K [0x0000000700c00000, 0x0000000800000000)
  region size 1024K, 153 young (156672K), 1 survivors (1024K)
 Metaspace       used 7230K, capacity 10079K, committed 10240K, reserved 1058816K
  class space    used 387K, capacity 705K, committed 768K, reserved 1048576K
}
Event: 13.891 GC heap after
{Heap after GC invocations=105 (full 0):
 garbage-first heap   total 262144K, used 4789K [0x0000000700c00000, 0x0000000800000000)
  region size 1024K, 1 young (1024K), 1 survivors (1024K)
 Metaspace       used 7230K, capacity 10079K, committed 10240K, reserved 1058816K
  class space    used 387K, capacity 705K, committed 768K, reserved 1048576K
}
Event: 14.034 GC heap before
{Heap before GC invocations=105 (full 0):
 garbage-first heap   total 262144K, used 160437K [0x0000000700c00000, 0x0000000800000000)
  region size 1024K, 153 young (156672K), 1 survivors (1024K)
 Metaspace       used 7230K, capacity 10079K, committed 10240K, reserved 1058816K
  class space    used 387K, capacity 705K, committed 768K, reserved 1048576K
}
Event: 14.035 GC heap after
{Heap after GC invocations=106 (full 0):
 garbage-first heap   total 262144K, used 4793K [0x0000000700c00000, 0x0000000800000000)
  region size 1024K, 1 young (1024K), 1 survivors (1024K)
 Metaspace       used 7230K, capacity 10079K, committed 10240K, reserved 1058816K
  class space    used 387K, capacity 705K, committed 768K, reserved 1048576K
}
Event: 14.164 GC heap before
{Heap before GC invocations=106 (full 0):
 garbage-first heap   total 262144K, used 160441K [0x0000000700c00000, 0x0000000800000000)
  region size 1024K, 153 young (156672K), 1 survivors (1024K)
 Metaspace       used 7230K, capacity 10079K, committed 10240K, reserved 1058816K
  class space    used 387K, capacity 705K, committed 768K, reserved 1048576K
}
Event: 14.165 GC heap after
{Heap after GC invocations=107 (full 0):
 garbage-first heap   total 262144K, used 4793K [0x0000000700c00000, 0x0000000800000000)
  region size 1024K, 1 young (1024K), 1 survivors (1024K)
 Metaspace       used 7230K, capacity 10079K, committed 10240K, reserved 1058816K
  class space    used 387K, capacity 705K, committed 768K, reserved 1048576K
}
Event: 14.530 GC heap before
{Heap before GC invocations=107 (full 0):
 garbage-first heap   total 262144K, used 160441K [0x0000000700c00000, 0x0000000800000000)
  region size 1024K, 153 young (156672K), 1 survivors (1024K)
 Metaspace       used 9038K, capacity 11746K, committed 11904K, reserved 1060864K
  class space    used 458K, capacity 770K, committed 896K, reserved 1048576K
}
Event: 14.531 GC heap after
{Heap after GC invocations=108 (full 0):
 garbage-first heap   total 262144K, used 5339K [0x0000000700c00000, 0x0000000800000000)
  region size 1024K, 1 young (1024K), 1 survivors (1024K)
 Metaspace       used 9038K, capacity 11746K, committed 11904K, reserved 1060864K
  class space    used 458K, capacity 770K, committed 896K, reserved 1048576K
}

