# JRE version: Java(TM) SE Runtime Environment (13.0+33) (build 13+33)
# Java VM: Java HotSpot(TM) 64-Bit Server VM (13+33, mixed mode, sharing, tiered, compressed oops, g1 gc, windows-amd64)
Heap:
 garbage-first heap   total 262144K, used 12973K [0x0000000700c00000, 0x0000000800000000)
  region size 1024K, 10 young (10240K), 1 survivors (1024K)
 Metaspace       used 7138K, capacity 9990K, committed 10240K, reserved 1058816K
  class space    used 379K, capacity 701K, committed 768K, reserved 1048576K
GC Heap History (20 events):
Event: 5.784 GC heap before
{Heap before GC invocations=37 (full 0):
 garbage-first heap   total 262144K, used 160413K [0x0000000700c00000, 0x0000000800000000)
  region size 1024K, 153 young (156672K), 1 survivors (1024K)
 Metaspace       used 7132K, capacity 9990K, committed 10240K, reserved 1058816K
  class space    used 379K, capacity 701K, committed 768K, reserved 1048576K
}
Event: 5.784 GC heap after
{Heap after GC invocations=38 (full 0):
 garbage-first heap   total 262144K, used 4765K [0x0000000700c00000, 0x0000000800000000)
  region size 1024K, 1 young (1024K), 1 survivors (1024K)
 Metaspace       used 7132K, capacity 9990K, committed 10240K, reserved 1058816K
  class space    used 379K, capacity 701K, committed 768K, reserved 1048576K
}
Event: 5.905 GC heap before
{Heap before GC invocations=38 (full 0):
 garbage-first heap   total 262144K, used 160413K [0x0000000700c00000, 0x0000000800000000)
  region size 1024K, 153 young (156672K), 1 survivors (1024K)
 Metaspace       used 7132K, capacity 9990K, committed 10240K, reserved 1058816K
  class space    used 379K, capacity 701K, committed 768K, reserved 1048576K
}
Event: 5.905 GC heap after
{Heap after GC invocations=39 (full 0):
 garbage-first heap   total 262144K, used 4767K [0x0000000700c00000, 0x0000000800000000)
  region size 1024K, 1 young (1024K), 1 survivors (1024K)
 Metaspace       used 7132K, capacity 9990K, committed 10240K, reserved 1058816K
  class space    used 379K, capacity 701K, committed 768K, reserved 1048576K
}
Event: 6.027 GC heap before
{Heap before GC invocations=39 (full 0):
 garbage-first heap   total 262144K, used 160415K [0x0000000700c00000, 0x0000000800000000)
  region size 1024K, 153 young (156672K), 1 survivors (1024K)
 Metaspace       used 7132K, capacity 9990K, committed 10240K, reserved 1058816K
  class space    used 379K, capacity 701K, committed 768K, reserved 1048576K
}
Event: 6.028 GC heap after
{Heap after GC invocations=40 (full 0):
 garbage-first heap   total 262144K, used 4767K [0x0000000700c00000, 0x0000000800000000)
  region size 1024K, 1 young (1024K), 1 survivors (1024K)
 Metaspace       used 7132K, capacity 9990K, committed 10240K, reserved 1058816K
  class space    used 379K, capacity 701K, committed 768K, reserved 1048576K
}
Event: 6.145 GC heap before
{Heap before GC invocations=40 (full 0):
 garbage-first heap   total 262144K, used 160415K [0x0000000700c00000, 0x0000000800000000)
  region size 1024K, 153 young (156672K), 1 survivors (1024K)
 Metaspace       used 7134K, capacity 9990K, committed 10240K, reserved 1058816K
  class space    used 379K, capacity 701K, committed 768K, reserved 1048576K
}
Event: 6.146 GC heap after
{Heap after GC invocations=41 (full 0):
 garbage-first heap   total 262144K, used 4764K [0x0000000700c00000, 0x0000000800000000)
  region size 1024K, 1 young (1024K), 1 survivors (1024K)
 Metaspace       used 7134K, capacity 9990K, committed 10240K, reserved 1058816K
  class space    used 379K, capacity 701K, committed 768K, reserved 1048576K
}
Event: 6.272 GC heap before
{Heap before GC invocations=41 (full 0):
 garbage-first heap   total 262144K, used 160412K [0x0000000700c00000, 0x0000000800000000)
  region size 1024K, 153 young (156672K), 1 survivors (1024K)
 Metaspace       used 7138K, capacity 9990K, committed 10240K, reserved 1058816K
  class space    used 379K, capacity 701K, committed 768K, reserved 1048576K
}
Event: 6.272 GC heap after
{Heap after GC invocations=42 (full 0):
 garbage-first heap   total 262144K, used 4769K [0x0000000700c00000, 0x0000000800000000)
  region size 1024K, 1 young (1024K), 1 survivors (1024K)
 Metaspace       used 7138K, capacity 9990K, committed 10240K, reserved 1058816K
  class space    used 379K, capacity 701K, committed 768K, reserved 1048576K
}
Event: 6.395 GC heap before
{Heap before GC invocations=42 (full 0):
 garbage-first heap   total 262144K, used 160417K [0x0000000700c00000, 0x0000000800000000)
  region size 1024K, 153 young (156672K), 1 survivors (1024K)
 Metaspace       used 7138K, capacity 9990K, committed 10240K, reserved 1058816K
  class space    used 379K, capacity 701K, committed 768K, reserved 1048576K
}
Event: 6.396 GC heap after
{Heap after GC invocations=43 (full 0):
 garbage-first heap   total 262144K, used 4770K [0x0000000700c00000, 0x0000000800000000)
  region size 1024K, 1 young (1024K), 1 survivors (1024K)
 Metaspace       used 7138K, capacity 9990K, committed 10240K, reserved 1058816K
  class space    used 379K, capacity 701K, committed 768K, reserved 1048576K
}
Event: 6.517 GC heap before
{Heap before GC invocations=43 (full 0):
 garbage-first heap   total 262144K, used 160418K [0x0000000700c00000, 0x0000000800000000)
  region size 1024K, 153 young (156672K), 1 survivors (1024K)
 Metaspace       used 7138K, capacity 9990K, committed 10240K, reserved 1058816K
  class space    used 379K, capacity 701K, committed 768K, reserved 1048576K
}
Event: 6.517 GC heap after
{Heap after GC invocations=44 (full 0):
 garbage-first heap   total 262144K, used 4772K [0x0000000700c00000, 0x0000000800000000)
  region size 1024K, 1 young (1024K), 1 survivors (1024K)
 Metaspace       used 7138K, capacity 9990K, committed 10240K, reserved 1058816K
  class space    used 379K, capacity 701K, committed 768K, reserved 1048576K
}
Event: 6.634 GC heap before
{Heap before GC invocations=44 (full 0):
 garbage-first heap   total 262144K, used 160420K [0x0000000700c00000, 0x0000000800000000)
  region size 1024K, 153 young (156672K), 1 survivors (1024K)
 Metaspace       used 7138K, capacity 9990K, committed 10240K, reserved 1058816K
  class space    used 379K, capacity 701K, committed 768K, reserved 1048576K
}
Event: 6.634 GC heap after
{Heap after GC invocations=45 (full 0):
 garbage-first heap   total 262144K, used 4776K [0x0000000700c00000, 0x0000000800000000)
  region size 1024K, 1 young (1024K), 1 survivors (1024K)
 Metaspace       used 7138K, capacity 9990K, committed 10240K, reserved 1058816K
  class space    used 379K, capacity 701K, committed 768K, reserved 1048576K
}
Event: 6.750 GC heap before
{Heap before GC invocations=45 (full 0):
 garbage-first heap   total 262144K, used 160424K [0x0000000700c00000, 0x0000000800000000)
  region size 1024K, 153 young (156672K), 1 survivors (1024K)
 Metaspace       used 7138K, capacity 9990K, committed 10240K, reserved 1058816K
  class space    used 379K, capacity 701K, committed 768K, reserved 1048576K
}
Event: 6.750 GC heap after
{Heap after GC invocations=46 (full 0):
 garbage-first heap   total 262144K, used 4777K [0x0000000700c00000, 0x0000000800000000)
  region size 1024K, 1 young (1024K), 1 survivors (1024K)
 Metaspace       used 7138K, capacity 9990K, committed 10240K, reserved 1058816K
  class space    used 379K, capacity 701K, committed 768K, reserved 1048576K
}
Event: 6.876 GC heap before
{Heap before GC invocations=46 (full 0):
 garbage-first heap   total 262144K, used 160425K [0x0000000700c00000, 0x0000000800000000)
  region size 1024K, 153 young (156672K), 1 survivors (1024K)
 Metaspace       used 7138K, capacity 9990K, committed 10240K, reserved 1058816K
  class space    used 379K, capacity 701K, committed 768K, reserved 1048576K
}
Event: 6.876 GC heap after
{Heap after GC invocations=47 (full 0):
 garbage-first heap   total 262144K, used 4781K [0x0000000700c00000, 0x0000000800000000)
  region size 1024K, 1 young (1024K), 1 survivors (1024K)
 Metaspace       used 7138K, capacity 9990K, committed 10240K, reserved 1058816K
  class space    used 379K, capacity 701K, committed 768K, reserved 1048576K
}

